[0.081s] DEBUG:colcon:Command line arguments: ['/usr/bin/colcon', 'build']
[0.081s] DEBUG:colcon:Parsed command line arguments: Namespace(log_base=None, log_level=None, verb_name='build', build_base='build', install_base='install', merge_install=False, symlink_install=False, test_result_base=None, continue_on_error=False, executor='parallel', parallel_workers=32, event_handlers=None, ignore_user_meta=False, metas=['./colcon.meta'], base_paths=['.'], packages_ignore=None, packages_ignore_regex=None, paths=None, packages_up_to=None, packages_up_to_regex=None, packages_above=None, packages_above_and_dependencies=None, packages_above_depth=None, packages_select_by_dep=None, packages_skip_by_dep=None, packages_skip_up_to=None, packages_select_build_failed=False, packages_skip_build_finished=False, packages_select_test_failures=False, packages_skip_test_passed=False, packages_select=None, packages_skip=None, packages_select_regex=None, packages_skip_regex=None, packages_start=None, packages_end=None, cmake_args=None, cmake_target=None, cmake_target_skip_unavailable=False, cmake_clean_cache=False, cmake_clean_first=False, cmake_force_configure=False, ament_cmake_args=None, catkin_cmake_args=None, catkin_skip_building_tests=False, verb_parser=<colcon_defaults.argument_parser.defaults.DefaultArgumentsDecorator object at 0x732194ec8fb0>, verb_extension=<colcon_core.verb.build.BuildVerb object at 0x7321950419d0>, main=<bound method BuildVerb.main of <colcon_core.verb.build.BuildVerb object at 0x7321950419d0>>)
[0.112s] Level 1:colcon.colcon_core.package_discovery:discover_packages(colcon_meta) check parameters
[0.112s] Level 1:colcon.colcon_core.package_discovery:discover_packages(recursive) check parameters
[0.113s] Level 1:colcon.colcon_core.package_discovery:discover_packages(ignore) check parameters
[0.113s] Level 1:colcon.colcon_core.package_discovery:discover_packages(path) check parameters
[0.113s] Level 1:colcon.colcon_core.package_discovery:discover_packages(colcon_meta) discover
[0.113s] Level 1:colcon.colcon_core.package_discovery:discover_packages(recursive) discover
[0.113s] INFO:colcon.colcon_core.package_discovery:Crawling recursively for packages in '/home/eloisezeng/ana/ana_mujoco'
[0.113s] Level 1:colcon.colcon_core.package_identification:_identify(.) by extensions ['ignore', 'ignore_ament_install']
[0.113s] Level 1:colcon.colcon_core.package_identification:_identify(.) by extension 'ignore'
[0.113s] Level 1:colcon.colcon_core.package_identification:_identify(.) by extension 'ignore_ament_install'
[0.113s] Level 1:colcon.colcon_core.package_identification:_identify(.) by extensions ['colcon_pkg']
[0.113s] Level 1:colcon.colcon_core.package_identification:_identify(.) by extension 'colcon_pkg'
[0.113s] Level 1:colcon.colcon_core.package_identification:_identify(.) by extensions ['colcon_meta']
[0.113s] Level 1:colcon.colcon_core.package_identification:_identify(.) by extension 'colcon_meta'
[0.113s] Level 1:colcon.colcon_core.package_identification:_identify(.) by extensions ['ros']
[0.113s] Level 1:colcon.colcon_core.package_identification:_identify(.) by extension 'ros'
[0.132s] Level 1:colcon.colcon_core.package_identification:_identify(.) by extensions ['cmake', 'python']
[0.132s] Level 1:colcon.colcon_core.package_identification:_identify(.) by extension 'cmake'
[0.132s] Level 1:colcon.colcon_core.package_identification:_identify(.) by extension 'python'
[0.132s] Level 1:colcon.colcon_core.package_identification:_identify(.) by extensions ['python_setup_py']
[0.132s] Level 1:colcon.colcon_core.package_identification:_identify(.) by extension 'python_setup_py'
[0.132s] Level 1:colcon.colcon_core.package_identification:_identify(Mujoco_Example-main) by extensions ['ignore', 'ignore_ament_install']
[0.133s] Level 1:colcon.colcon_core.package_identification:_identify(Mujoco_Example-main) by extension 'ignore'
[0.133s] Level 1:colcon.colcon_core.package_identification:_identify(Mujoco_Example-main) by extension 'ignore_ament_install'
[0.133s] Level 1:colcon.colcon_core.package_identification:_identify(Mujoco_Example-main) by extensions ['colcon_pkg']
[0.133s] Level 1:colcon.colcon_core.package_identification:_identify(Mujoco_Example-main) by extension 'colcon_pkg'
[0.133s] Level 1:colcon.colcon_core.package_identification:_identify(Mujoco_Example-main) by extensions ['colcon_meta']
[0.133s] Level 1:colcon.colcon_core.package_identification:_identify(Mujoco_Example-main) by extension 'colcon_meta'
[0.133s] Level 1:colcon.colcon_core.package_identification:_identify(Mujoco_Example-main) by extensions ['ros']
[0.133s] Level 1:colcon.colcon_core.package_identification:_identify(Mujoco_Example-main) by extension 'ros'
[0.133s] Level 1:colcon.colcon_core.package_identification:_identify(Mujoco_Example-main) by extensions ['cmake', 'python']
[0.133s] Level 1:colcon.colcon_core.package_identification:_identify(Mujoco_Example-main) by extension 'cmake'
[0.133s] Level 1:colcon.colcon_core.package_identification:_identify(Mujoco_Example-main) by extension 'python'
[0.133s] Level 1:colcon.colcon_core.package_identification:_identify(Mujoco_Example-main) by extensions ['python_setup_py']
[0.133s] Level 1:colcon.colcon_core.package_identification:_identify(Mujoco_Example-main) by extension 'python_setup_py'
[0.133s] Level 1:colcon.colcon_core.package_identification:_identify(Mujoco_Example-main/config) by extensions ['ignore', 'ignore_ament_install']
[0.133s] Level 1:colcon.colcon_core.package_identification:_identify(Mujoco_Example-main/config) by extension 'ignore'
[0.133s] Level 1:colcon.colcon_core.package_identification:_identify(Mujoco_Example-main/config) by extension 'ignore_ament_install'
[0.133s] Level 1:colcon.colcon_core.package_identification:_identify(Mujoco_Example-main/config) by extensions ['colcon_pkg']
[0.133s] Level 1:colcon.colcon_core.package_identification:_identify(Mujoco_Example-main/config) by extension 'colcon_pkg'
[0.133s] Level 1:colcon.colcon_core.package_identification:_identify(Mujoco_Example-main/config) by extensions ['colcon_meta']
[0.133s] Level 1:colcon.colcon_core.package_identification:_identify(Mujoco_Example-main/config) by extension 'colcon_meta'
[0.133s] Level 1:colcon.colcon_core.package_identification:_identify(Mujoco_Example-main/config) by extensions ['ros']
[0.133s] Level 1:colcon.colcon_core.package_identification:_identify(Mujoco_Example-main/config) by extension 'ros'
[0.133s] Level 1:colcon.colcon_core.package_identification:_identify(Mujoco_Example-main/config) by extensions ['cmake', 'python']
[0.134s] Level 1:colcon.colcon_core.package_identification:_identify(Mujoco_Example-main/config) by extension 'cmake'
[0.134s] Level 1:colcon.colcon_core.package_identification:_identify(Mujoco_Example-main/config) by extension 'python'
[0.134s] Level 1:colcon.colcon_core.package_identification:_identify(Mujoco_Example-main/config) by extensions ['python_setup_py']
[0.134s] Level 1:colcon.colcon_core.package_identification:_identify(Mujoco_Example-main/config) by extension 'python_setup_py'
[0.134s] Level 1:colcon.colcon_core.package_identification:_identify(Mujoco_Example-main/models) by extensions ['ignore', 'ignore_ament_install']
[0.134s] Level 1:colcon.colcon_core.package_identification:_identify(Mujoco_Example-main/models) by extension 'ignore'
[0.134s] Level 1:colcon.colcon_core.package_identification:_identify(Mujoco_Example-main/models) by extension 'ignore_ament_install'
[0.134s] Level 1:colcon.colcon_core.package_identification:_identify(Mujoco_Example-main/models) by extensions ['colcon_pkg']
[0.134s] Level 1:colcon.colcon_core.package_identification:_identify(Mujoco_Example-main/models) by extension 'colcon_pkg'
[0.134s] Level 1:colcon.colcon_core.package_identification:_identify(Mujoco_Example-main/models) by extensions ['colcon_meta']
[0.134s] Level 1:colcon.colcon_core.package_identification:_identify(Mujoco_Example-main/models) by extension 'colcon_meta'
[0.134s] Level 1:colcon.colcon_core.package_identification:_identify(Mujoco_Example-main/models) by extensions ['ros']
[0.134s] Level 1:colcon.colcon_core.package_identification:_identify(Mujoco_Example-main/models) by extension 'ros'
[0.134s] Level 1:colcon.colcon_core.package_identification:_identify(Mujoco_Example-main/models) by extensions ['cmake', 'python']
[0.134s] Level 1:colcon.colcon_core.package_identification:_identify(Mujoco_Example-main/models) by extension 'cmake'
[0.134s] Level 1:colcon.colcon_core.package_identification:_identify(Mujoco_Example-main/models) by extension 'python'
[0.134s] Level 1:colcon.colcon_core.package_identification:_identify(Mujoco_Example-main/models) by extensions ['python_setup_py']
[0.134s] Level 1:colcon.colcon_core.package_identification:_identify(Mujoco_Example-main/models) by extension 'python_setup_py'
[0.134s] Level 1:colcon.colcon_core.package_identification:_identify(Mujoco_Example-main/models/g1) by extensions ['ignore', 'ignore_ament_install']
[0.134s] Level 1:colcon.colcon_core.package_identification:_identify(Mujoco_Example-main/models/g1) by extension 'ignore'
[0.134s] Level 1:colcon.colcon_core.package_identification:_identify(Mujoco_Example-main/models/g1) by extension 'ignore_ament_install'
[0.134s] Level 1:colcon.colcon_core.package_identification:_identify(Mujoco_Example-main/models/g1) by extensions ['colcon_pkg']
[0.134s] Level 1:colcon.colcon_core.package_identification:_identify(Mujoco_Example-main/models/g1) by extension 'colcon_pkg'
[0.134s] Level 1:colcon.colcon_core.package_identification:_identify(Mujoco_Example-main/models/g1) by extensions ['colcon_meta']
[0.134s] Level 1:colcon.colcon_core.package_identification:_identify(Mujoco_Example-main/models/g1) by extension 'colcon_meta'
[0.135s] Level 1:colcon.colcon_core.package_identification:_identify(Mujoco_Example-main/models/g1) by extensions ['ros']
[0.135s] Level 1:colcon.colcon_core.package_identification:_identify(Mujoco_Example-main/models/g1) by extension 'ros'
[0.135s] Level 1:colcon.colcon_core.package_identification:_identify(Mujoco_Example-main/models/g1) by extensions ['cmake', 'python']
[0.135s] Level 1:colcon.colcon_core.package_identification:_identify(Mujoco_Example-main/models/g1) by extension 'cmake'
[0.135s] Level 1:colcon.colcon_core.package_identification:_identify(Mujoco_Example-main/models/g1) by extension 'python'
[0.135s] Level 1:colcon.colcon_core.package_identification:_identify(Mujoco_Example-main/models/g1) by extensions ['python_setup_py']
[0.135s] Level 1:colcon.colcon_core.package_identification:_identify(Mujoco_Example-main/models/g1) by extension 'python_setup_py'
[0.135s] Level 1:colcon.colcon_core.package_identification:_identify(Mujoco_Example-main/models/g1/meshes) by extensions ['ignore', 'ignore_ament_install']
[0.135s] Level 1:colcon.colcon_core.package_identification:_identify(Mujoco_Example-main/models/g1/meshes) by extension 'ignore'
[0.135s] Level 1:colcon.colcon_core.package_identification:_identify(Mujoco_Example-main/models/g1/meshes) by extension 'ignore_ament_install'
[0.135s] Level 1:colcon.colcon_core.package_identification:_identify(Mujoco_Example-main/models/g1/meshes) by extensions ['colcon_pkg']
[0.135s] Level 1:colcon.colcon_core.package_identification:_identify(Mujoco_Example-main/models/g1/meshes) by extension 'colcon_pkg'
[0.135s] Level 1:colcon.colcon_core.package_identification:_identify(Mujoco_Example-main/models/g1/meshes) by extensions ['colcon_meta']
[0.135s] Level 1:colcon.colcon_core.package_identification:_identify(Mujoco_Example-main/models/g1/meshes) by extension 'colcon_meta'
[0.135s] Level 1:colcon.colcon_core.package_identification:_identify(Mujoco_Example-main/models/g1/meshes) by extensions ['ros']
[0.135s] Level 1:colcon.colcon_core.package_identification:_identify(Mujoco_Example-main/models/g1/meshes) by extension 'ros'
[0.135s] Level 1:colcon.colcon_core.package_identification:_identify(Mujoco_Example-main/models/g1/meshes) by extensions ['cmake', 'python']
[0.135s] Level 1:colcon.colcon_core.package_identification:_identify(Mujoco_Example-main/models/g1/meshes) by extension 'cmake'
[0.135s] Level 1:colcon.colcon_core.package_identification:_identify(Mujoco_Example-main/models/g1/meshes) by extension 'python'
[0.135s] Level 1:colcon.colcon_core.package_identification:_identify(Mujoco_Example-main/models/g1/meshes) by extensions ['python_setup_py']
[0.135s] Level 1:colcon.colcon_core.package_identification:_identify(Mujoco_Example-main/models/g1/meshes) by extension 'python_setup_py'
[0.135s] Level 1:colcon.colcon_core.package_identification:_identify(Mujoco_Example-main/models/go2) by extensions ['ignore', 'ignore_ament_install']
[0.136s] Level 1:colcon.colcon_core.package_identification:_identify(Mujoco_Example-main/models/go2) by extension 'ignore'
[0.136s] Level 1:colcon.colcon_core.package_identification:_identify(Mujoco_Example-main/models/go2) by extension 'ignore_ament_install'
[0.136s] Level 1:colcon.colcon_core.package_identification:_identify(Mujoco_Example-main/models/go2) by extensions ['colcon_pkg']
[0.136s] Level 1:colcon.colcon_core.package_identification:_identify(Mujoco_Example-main/models/go2) by extension 'colcon_pkg'
[0.136s] Level 1:colcon.colcon_core.package_identification:_identify(Mujoco_Example-main/models/go2) by extensions ['colcon_meta']
[0.136s] Level 1:colcon.colcon_core.package_identification:_identify(Mujoco_Example-main/models/go2) by extension 'colcon_meta'
[0.136s] Level 1:colcon.colcon_core.package_identification:_identify(Mujoco_Example-main/models/go2) by extensions ['ros']
[0.136s] Level 1:colcon.colcon_core.package_identification:_identify(Mujoco_Example-main/models/go2) by extension 'ros'
[0.136s] Level 1:colcon.colcon_core.package_identification:_identify(Mujoco_Example-main/models/go2) by extensions ['cmake', 'python']
[0.136s] Level 1:colcon.colcon_core.package_identification:_identify(Mujoco_Example-main/models/go2) by extension 'cmake'
[0.136s] Level 1:colcon.colcon_core.package_identification:_identify(Mujoco_Example-main/models/go2) by extension 'python'
[0.136s] Level 1:colcon.colcon_core.package_identification:_identify(Mujoco_Example-main/models/go2) by extensions ['python_setup_py']
[0.136s] Level 1:colcon.colcon_core.package_identification:_identify(Mujoco_Example-main/models/go2) by extension 'python_setup_py'
[0.136s] Level 1:colcon.colcon_core.package_identification:_identify(Mujoco_Example-main/models/go2/assets) by extensions ['ignore', 'ignore_ament_install']
[0.136s] Level 1:colcon.colcon_core.package_identification:_identify(Mujoco_Example-main/models/go2/assets) by extension 'ignore'
[0.136s] Level 1:colcon.colcon_core.package_identification:_identify(Mujoco_Example-main/models/go2/assets) by extension 'ignore_ament_install'
[0.136s] Level 1:colcon.colcon_core.package_identification:_identify(Mujoco_Example-main/models/go2/assets) by extensions ['colcon_pkg']
[0.136s] Level 1:colcon.colcon_core.package_identification:_identify(Mujoco_Example-main/models/go2/assets) by extension 'colcon_pkg'
[0.136s] Level 1:colcon.colcon_core.package_identification:_identify(Mujoco_Example-main/models/go2/assets) by extensions ['colcon_meta']
[0.136s] Level 1:colcon.colcon_core.package_identification:_identify(Mujoco_Example-main/models/go2/assets) by extension 'colcon_meta'
[0.136s] Level 1:colcon.colcon_core.package_identification:_identify(Mujoco_Example-main/models/go2/assets) by extensions ['ros']
[0.136s] Level 1:colcon.colcon_core.package_identification:_identify(Mujoco_Example-main/models/go2/assets) by extension 'ros'
[0.136s] Level 1:colcon.colcon_core.package_identification:_identify(Mujoco_Example-main/models/go2/assets) by extensions ['cmake', 'python']
[0.136s] Level 1:colcon.colcon_core.package_identification:_identify(Mujoco_Example-main/models/go2/assets) by extension 'cmake'
[0.137s] Level 1:colcon.colcon_core.package_identification:_identify(Mujoco_Example-main/models/go2/assets) by extension 'python'
[0.137s] Level 1:colcon.colcon_core.package_identification:_identify(Mujoco_Example-main/models/go2/assets) by extensions ['python_setup_py']
[0.137s] Level 1:colcon.colcon_core.package_identification:_identify(Mujoco_Example-main/models/go2/assets) by extension 'python_setup_py'
[0.137s] Level 1:colcon.colcon_core.package_identification:_identify(Mujoco_Example-main/scripts) by extensions ['ignore', 'ignore_ament_install']
[0.137s] Level 1:colcon.colcon_core.package_identification:_identify(Mujoco_Example-main/scripts) by extension 'ignore'
[0.137s] Level 1:colcon.colcon_core.package_identification:_identify(Mujoco_Example-main/scripts) by extension 'ignore_ament_install'
[0.137s] Level 1:colcon.colcon_core.package_identification:_identify(Mujoco_Example-main/scripts) by extensions ['colcon_pkg']
[0.137s] Level 1:colcon.colcon_core.package_identification:_identify(Mujoco_Example-main/scripts) by extension 'colcon_pkg'
[0.137s] Level 1:colcon.colcon_core.package_identification:_identify(Mujoco_Example-main/scripts) by extensions ['colcon_meta']
[0.137s] Level 1:colcon.colcon_core.package_identification:_identify(Mujoco_Example-main/scripts) by extension 'colcon_meta'
[0.137s] Level 1:colcon.colcon_core.package_identification:_identify(Mujoco_Example-main/scripts) by extensions ['ros']
[0.137s] Level 1:colcon.colcon_core.package_identification:_identify(Mujoco_Example-main/scripts) by extension 'ros'
[0.137s] Level 1:colcon.colcon_core.package_identification:_identify(Mujoco_Example-main/scripts) by extensions ['cmake', 'python']
[0.137s] Level 1:colcon.colcon_core.package_identification:_identify(Mujoco_Example-main/scripts) by extension 'cmake'
[0.137s] Level 1:colcon.colcon_core.package_identification:_identify(Mujoco_Example-main/scripts) by extension 'python'
[0.137s] Level 1:colcon.colcon_core.package_identification:_identify(Mujoco_Example-main/scripts) by extensions ['python_setup_py']
[0.137s] Level 1:colcon.colcon_core.package_identification:_identify(Mujoco_Example-main/scripts) by extension 'python_setup_py'
[0.137s] Level 1:colcon.colcon_core.package_identification:_identify(Mujoco_Example-main/scripts/definitions) by extensions ['ignore', 'ignore_ament_install']
[0.137s] Level 1:colcon.colcon_core.package_identification:_identify(Mujoco_Example-main/scripts/definitions) by extension 'ignore'
[0.137s] Level 1:colcon.colcon_core.package_identification:_identify(Mujoco_Example-main/scripts/definitions) by extension 'ignore_ament_install'
[0.137s] Level 1:colcon.colcon_core.package_identification:_identify(Mujoco_Example-main/scripts/definitions) by extensions ['colcon_pkg']
[0.137s] Level 1:colcon.colcon_core.package_identification:_identify(Mujoco_Example-main/scripts/definitions) by extension 'colcon_pkg'
[0.137s] Level 1:colcon.colcon_core.package_identification:_identify(Mujoco_Example-main/scripts/definitions) by extensions ['colcon_meta']
[0.137s] Level 1:colcon.colcon_core.package_identification:_identify(Mujoco_Example-main/scripts/definitions) by extension 'colcon_meta'
[0.137s] Level 1:colcon.colcon_core.package_identification:_identify(Mujoco_Example-main/scripts/definitions) by extensions ['ros']
[0.137s] Level 1:colcon.colcon_core.package_identification:_identify(Mujoco_Example-main/scripts/definitions) by extension 'ros'
[0.138s] Level 1:colcon.colcon_core.package_identification:_identify(Mujoco_Example-main/scripts/definitions) by extensions ['cmake', 'python']
[0.138s] Level 1:colcon.colcon_core.package_identification:_identify(Mujoco_Example-main/scripts/definitions) by extension 'cmake'
[0.138s] Level 1:colcon.colcon_core.package_identification:_identify(Mujoco_Example-main/scripts/definitions) by extension 'python'
[0.138s] Level 1:colcon.colcon_core.package_identification:_identify(Mujoco_Example-main/scripts/definitions) by extensions ['python_setup_py']
[0.138s] Level 1:colcon.colcon_core.package_identification:_identify(Mujoco_Example-main/scripts/definitions) by extension 'python_setup_py'
[0.138s] Level 1:colcon.colcon_core.package_identification:_identify(Mujoco_Example-main/scripts/definitions/__pycache__) by extensions ['ignore', 'ignore_ament_install']
[0.138s] Level 1:colcon.colcon_core.package_identification:_identify(Mujoco_Example-main/scripts/definitions/__pycache__) by extension 'ignore'
[0.138s] Level 1:colcon.colcon_core.package_identification:_identify(Mujoco_Example-main/scripts/definitions/__pycache__) by extension 'ignore_ament_install'
[0.138s] Level 1:colcon.colcon_core.package_identification:_identify(Mujoco_Example-main/scripts/definitions/__pycache__) by extensions ['colcon_pkg']
[0.138s] Level 1:colcon.colcon_core.package_identification:_identify(Mujoco_Example-main/scripts/definitions/__pycache__) by extension 'colcon_pkg'
[0.138s] Level 1:colcon.colcon_core.package_identification:_identify(Mujoco_Example-main/scripts/definitions/__pycache__) by extensions ['colcon_meta']
[0.138s] Level 1:colcon.colcon_core.package_identification:_identify(Mujoco_Example-main/scripts/definitions/__pycache__) by extension 'colcon_meta'
[0.138s] Level 1:colcon.colcon_core.package_identification:_identify(Mujoco_Example-main/scripts/definitions/__pycache__) by extensions ['ros']
[0.138s] Level 1:colcon.colcon_core.package_identification:_identify(Mujoco_Example-main/scripts/definitions/__pycache__) by extension 'ros'
[0.138s] Level 1:colcon.colcon_core.package_identification:_identify(Mujoco_Example-main/scripts/definitions/__pycache__) by extensions ['cmake', 'python']
[0.138s] Level 1:colcon.colcon_core.package_identification:_identify(Mujoco_Example-main/scripts/definitions/__pycache__) by extension 'cmake'
[0.138s] Level 1:colcon.colcon_core.package_identification:_identify(Mujoco_Example-main/scripts/definitions/__pycache__) by extension 'python'
[0.138s] Level 1:colcon.colcon_core.package_identification:_identify(Mujoco_Example-main/scripts/definitions/__pycache__) by extensions ['python_setup_py']
[0.138s] Level 1:colcon.colcon_core.package_identification:_identify(Mujoco_Example-main/scripts/definitions/__pycache__) by extension 'python_setup_py'
[0.138s] Level 1:colcon.colcon_core.package_identification:_identify(Mujoco_Example-main/utils) by extensions ['ignore', 'ignore_ament_install']
[0.138s] Level 1:colcon.colcon_core.package_identification:_identify(Mujoco_Example-main/utils) by extension 'ignore'
[0.138s] Level 1:colcon.colcon_core.package_identification:_identify(Mujoco_Example-main/utils) by extension 'ignore_ament_install'
[0.138s] Level 1:colcon.colcon_core.package_identification:_identify(Mujoco_Example-main/utils) by extensions ['colcon_pkg']
[0.138s] Level 1:colcon.colcon_core.package_identification:_identify(Mujoco_Example-main/utils) by extension 'colcon_pkg'
[0.139s] Level 1:colcon.colcon_core.package_identification:_identify(Mujoco_Example-main/utils) by extensions ['colcon_meta']
[0.139s] Level 1:colcon.colcon_core.package_identification:_identify(Mujoco_Example-main/utils) by extension 'colcon_meta'
[0.139s] Level 1:colcon.colcon_core.package_identification:_identify(Mujoco_Example-main/utils) by extensions ['ros']
[0.139s] Level 1:colcon.colcon_core.package_identification:_identify(Mujoco_Example-main/utils) by extension 'ros'
[0.139s] Level 1:colcon.colcon_core.package_identification:_identify(Mujoco_Example-main/utils) by extensions ['cmake', 'python']
[0.139s] Level 1:colcon.colcon_core.package_identification:_identify(Mujoco_Example-main/utils) by extension 'cmake'
[0.139s] Level 1:colcon.colcon_core.package_identification:_identify(Mujoco_Example-main/utils) by extension 'python'
[0.139s] Level 1:colcon.colcon_core.package_identification:_identify(Mujoco_Example-main/utils) by extensions ['python_setup_py']
[0.139s] Level 1:colcon.colcon_core.package_identification:_identify(Mujoco_Example-main/utils) by extension 'python_setup_py'
[0.139s] Level 1:colcon.colcon_core.package_identification:_identify(build) by extensions ['ignore', 'ignore_ament_install']
[0.139s] Level 1:colcon.colcon_core.package_identification:_identify(build) by extension 'ignore'
[0.139s] Level 1:colcon.colcon_core.package_identification:_identify(build) ignored
[0.139s] Level 1:colcon.colcon_core.package_identification:_identify(install) by extensions ['ignore', 'ignore_ament_install']
[0.139s] Level 1:colcon.colcon_core.package_identification:_identify(install) by extension 'ignore'
[0.139s] Level 1:colcon.colcon_core.package_identification:_identify(install) ignored
[0.139s] Level 1:colcon.colcon_core.package_identification:_identify(log) by extensions ['ignore', 'ignore_ament_install']
[0.139s] Level 1:colcon.colcon_core.package_identification:_identify(log) by extension 'ignore'
[0.139s] Level 1:colcon.colcon_core.package_identification:_identify(log) ignored
[0.139s] Level 1:colcon.colcon_core.package_discovery:discover_packages(recursive) using defaults
[0.139s] Level 1:colcon.colcon_core.package_discovery:discover_packages(ignore) discover
[0.139s] Level 1:colcon.colcon_core.package_discovery:discover_packages(ignore) using defaults
[0.139s] Level 1:colcon.colcon_core.package_discovery:discover_packages(path) discover
[0.139s] Level 1:colcon.colcon_core.package_discovery:discover_packages(path) using defaults
[0.153s] INFO:colcon.colcon_core.executor:Executing jobs using 'parallel' executor
[0.154s] DEBUG:colcon.colcon_parallel_executor.executor.parallel:run_until_complete
[0.154s] DEBUG:colcon.colcon_parallel_executor.executor.parallel:closing loop
[0.154s] DEBUG:colcon.colcon_parallel_executor.executor.parallel:loop closed
[0.154s] DEBUG:colcon.colcon_parallel_executor.executor.parallel:run_until_complete finished with '0'
[0.154s] DEBUG:colcon.colcon_core.event_reactor:joining thread
[0.158s] INFO:colcon.colcon_core.plugin_system:Skipping extension 'colcon_notification.desktop_notification.terminal_notifier': Not used on non-Darwin systems
[0.158s] INFO:colcon.colcon_core.plugin_system:Skipping extension 'colcon_notification.desktop_notification.win32': Not used on non-Windows systems
[0.158s] INFO:colcon.colcon_notification.desktop_notification:Sending desktop notification using 'notify2'
[0.180s] DEBUG:colcon.colcon_core.event_reactor:joined thread
[0.181s] INFO:colcon.colcon_core.plugin_system:Skipping extension 'colcon_core.shell.bat': Not used on non-Windows systems
[0.181s] INFO:colcon.colcon_core.shell:Creating prefix script '/home/eloisezeng/ana/ana_mujoco/install/local_setup.sh'
[0.182s] INFO:colcon.colcon_core.shell:Creating prefix util module '/home/eloisezeng/ana/ana_mujoco/install/_local_setup_util_sh.py'
[0.183s] INFO:colcon.colcon_core.shell:Creating prefix chain script '/home/eloisezeng/ana/ana_mujoco/install/setup.sh'
[0.184s] INFO:colcon.colcon_core.shell:Creating prefix script '/home/eloisezeng/ana/ana_mujoco/install/local_setup.bash'
[0.185s] INFO:colcon.colcon_core.shell:Creating prefix chain script '/home/eloisezeng/ana/ana_mujoco/install/setup.bash'
[0.185s] INFO:colcon.colcon_core.shell:Creating prefix script '/home/eloisezeng/ana/ana_mujoco/install/local_setup.zsh'
[0.186s] INFO:colcon.colcon_core.shell:Creating prefix chain script '/home/eloisezeng/ana/ana_mujoco/install/setup.zsh'
